[INFO] Scanning for projects...
[INFO] 
[INFO] --------------------------< com.itpm:website >--------------------------
[INFO] Building website 0.0.1-SNAPSHOT
[INFO]   from pom.xml
[INFO] --------------------------------[ jar ]---------------------------------
[INFO] 
[INFO] >>> spring-boot:3.3.5:run (default-cli) > test-compile @ website >>>
[INFO] 
[INFO] --- resources:3.3.1:resources (default-resources) @ website ---
[INFO] Copying 1 resource from src\main\resources to target\classes
[INFO] Copying 0 resource from src\main\resources to target\classes
[INFO] 
[INFO] --- compiler:3.13.0:compile (default-compile) @ website ---
[INFO] Nothing to compile - all classes are up to date.
[INFO] 
[INFO] --- resources:3.3.1:testResources (default-testResources) @ website ---
[INFO] skip non existing resourceDirectory D:\UnilearnhubRepo\backend\src\test\resources
[INFO] 
[INFO] --- compiler:3.13.0:testCompile (default-testCompile) @ website ---
[INFO] Nothing to compile - all classes are up to date.
[INFO] 
[INFO] <<< spring-boot:3.3.5:run (default-cli) < test-compile @ website <<<
[INFO] 
[INFO] 
[INFO] --- spring-boot:3.3.5:run (default-cli) @ website ---
[INFO] Attaching agents: []

  .   ____          _            __ _ _
 /\\ / ___'_ __ _ _(_)_ __  __ _ \ \ \ \
( ( )\___ | '_ | '_| | '_ \/ _` | \ \ \ \
 \\/  ___)| |_)| | | | | || (_| |  ) ) ) )
  '  |____| .__|_| |_|_| |_\__, | / / / /
 =========|_|==============|___/=/_/_/_/

 :: Spring Boot ::                (v3.3.5)

2026-04-18T18:34:12.392+05:30  INFO 18888 --- [website] [           main] com.itpm.website.WebsiteApplication      : Starting WebsiteApplication using Java 25.0.1 with PID 18888 (D:\UnilearnhubRepo\backend\target\classes started by MSI in D:\UnilearnhubRepo\backend)
2026-04-18T18:34:12.394+05:30  INFO 18888 --- [website] [           main] com.itpm.website.WebsiteApplication      : No active profile set, falling back to 1 default profile: "default"
2026-04-18T18:34:13.054+05:30  INFO 18888 --- [website] [           main] .s.d.r.c.RepositoryConfigurationDelegate : Bootstrapping Spring Data JPA repositories in DEFAULT mode.
2026-04-18T18:34:13.134+05:30  INFO 18888 --- [website] [           main] .s.d.r.c.RepositoryConfigurationDelegate : Finished Spring Data repository scanning in 71 ms. Found 12 JPA repository interfaces.
2026-04-18T18:34:13.904+05:30  INFO 18888 --- [website] [           main] o.s.b.w.embedded.tomcat.TomcatWebServer  : Tomcat initialized with port 8080 (http)
2026-04-18T18:34:13.920+05:30  INFO 18888 --- [website] [           main] o.apache.catalina.core.StandardService   : Starting service [Tomcat]
2026-04-18T18:34:13.920+05:30  INFO 18888 --- [website] [           main] o.apache.catalina.core.StandardEngine    : Starting Servlet engine: [Apache Tomcat/10.1.31]
2026-04-18T18:34:13.967+05:30  INFO 18888 --- [website] [           main] o.a.c.c.C.[Tomcat].[localhost].[/]       : Initializing Spring embedded WebApplicationContext
2026-04-18T18:34:13.968+05:30  INFO 18888 --- [website] [           main] w.s.c.ServletWebServerApplicationContext : Root WebApplicationContext: initialization completed in 1519 ms
2026-04-18T18:34:14.045+05:30  INFO 18888 --- [website] [           main] com.zaxxer.hikari.HikariDataSource       : HikariPool-1 - Starting...
2026-04-18T18:34:14.194+05:30  INFO 18888 --- [website] [           main] com.zaxxer.hikari.pool.HikariPool        : HikariPool-1 - Added connection org.postgresql.jdbc.PgConnection@63a9c661
2026-04-18T18:34:14.198+05:30  INFO 18888 --- [website] [           main] com.zaxxer.hikari.HikariDataSource       : HikariPool-1 - Start completed.
2026-04-18T18:34:14.274+05:30  INFO 18888 --- [website] [           main] o.hibernate.jpa.internal.util.LogHelper  : HHH000204: Processing PersistenceUnitInfo [name: default]
2026-04-18T18:34:14.319+05:30  INFO 18888 --- [website] [           main] org.hibernate.Version                    : HHH000412: Hibernate ORM core version 6.5.3.Final
2026-04-18T18:34:14.347+05:30  INFO 18888 --- [website] [           main] o.h.c.internal.RegionFactoryInitiator    : HHH000026: Second-level cache disabled
2026-04-18T18:34:14.661+05:30  INFO 18888 --- [website] [           main] o.s.o.j.p.SpringPersistenceUnitInfo      : No LoadTimeWeaver setup: ignoring JPA class transformer
2026-04-18T18:34:17.070+05:30  INFO 18888 --- [website] [           main] o.h.e.t.j.p.i.JtaPlatformInitiator       : HHH000489: No JTA platform available (set 'hibernate.transaction.jta.platform' to enable JTA platform integration)
2026-04-18T18:34:17.349+05:30  INFO 18888 --- [website] [           main] j.LocalContainerEntityManagerFactoryBean : Initialized JPA EntityManagerFactory for persistence unit 'default'
2026-04-18T18:34:17.925+05:30  INFO 18888 --- [website] [           main] o.s.d.j.r.query.QueryEnhancerFactory     : Hibernate is in classpath; If applicable, HQL parser will be used.
2026-04-18T18:34:19.091+05:30  INFO 18888 --- [website] [           main] eAuthenticationProviderManagerConfigurer : Global AuthenticationManager configured with AuthenticationProvider bean with name authenticationProvider
2026-04-18T18:34:19.095+05:30  WARN 18888 --- [website] [           main] r$InitializeUserDetailsManagerConfigurer : Global AuthenticationManager configured with an AuthenticationProvider bean. UserDetailsService beans will not be used for username/password login. Consider removing the AuthenticationProvider bean. Alternatively, consider using the UserDetailsService in a manually instantiated DaoAuthenticationProvider.
2026-04-18T18:34:19.679+05:30  WARN 18888 --- [website] [           main] JpaBaseConfiguration$JpaWebConfiguration : spring.jpa.open-in-view is enabled by default. Therefore, database queries may be performed during view rendering. Explicitly configure spring.jpa.open-in-view to disable this warning
2026-04-18T18:34:20.687+05:30  INFO 18888 --- [website] [           main] o.s.b.w.embedded.tomcat.TomcatWebServer  : Tomcat started on port 8080 (http) with context path '/'
2026-04-18T18:34:20.711+05:30  INFO 18888 --- [website] [           main] com.itpm.website.WebsiteApplication      : Started WebsiteApplication in 8.708 seconds (process running for 8.988)
2026-04-18T18:34:30.044+05:30  INFO 18888 --- [website] [nio-8080-exec-2] o.a.c.c.C.[Tomcat].[localhost].[/]       : Initializing Spring DispatcherServlet 'dispatcherServlet'
2026-04-18T18:34:30.047+05:30  INFO 18888 --- [website] [nio-8080-exec-2] o.s.web.servlet.DispatcherServlet        : Initializing Servlet 'dispatcherServlet'
2026-04-18T18:34:30.048+05:30  INFO 18888 --- [website] [nio-8080-exec-2] o.s.web.servlet.DispatcherServlet        : Completed initialization in 1 ms
